<?xml version="1.0" encoding="UTF-8"?>
<!-- Generated by org.testng.reporters.JUnitReportReporter -->
<testsuite hostname="LAPTOP-DS2GTC0C" failures="0" tests="1" name="project_name.CreateContactTest" time="0.006" errors="0" timestamp="2022-01-28T16:49:04 IST" skipped="0">
  <testcase classname="project_name.CreateContactTest" name="secondmodifyContactTest" time="0.006"/>
  <system-out/>
</testsuite> <!-- project_name.CreateContactTest -->
